********************************************************************************
DUPLICATOR-LITE PACKAGE-LOG: December 6, 2021 1:38 am
NOTICE: Do NOT post to public sites or forums 
********************************************************************************
VERSION:	1.4.3
WORDPRESS:	5.8.2
PHP INFO:	7.4.21 | SAPI: apache2handler
SERVER:		Apache/2.4.46 (Unix) OpenSSL/1.0.2u PHP/7.4.21 mod_wsgi/3.5 Python/2.7.18 mod_fastcgi/mod_fastcgi-SNAP-0910052141 mod_perl/2.0.11 Perl/v5.30.1 
PHP TIME LIMIT: (0) no time limit imposed 
PHP MAX MEMORY: 4294967296 (128M default) 
MEMORY STACK: 16.5MB

********************************************************************************
DATABASE:
********************************************************************************
BUILD MODE:   PHP(query limit - 100)
MYSQLTIMEOUT: 5000
MYSQLDUMP:    Not Supported
TABLES: total:21 | filtered:0 | create:21
FILTERED: []
SQL CREATED: 20211206_loveisland1_2270302c3092b8629574_20211206013831_database.sql
SQL FILE SIZE: 1.26MB (1317463)
SQL FILE TIME: 2021-12-06 01:38:52
SQL RUNTIME: 0.06 sec.

********************************************************************************
ARCHIVE (ZIP):
********************************************************************************
ARCHIVE DIR:  /Applications/MAMP/htdocs/love-island-1
ARCHIVE FILE: 20211206_loveisland1_2270302c3092b8629574_20211206013831_archive.zip
FILTERS: *OFF*
DIRS:
	not set
FILES:
	not set
EXTS:  not set
----------------------------------------
COMPRESSING
SIZE:	172.04MB
STATS:	Dirs 2,047 | Files 12,200
SQL ADDED: 20211206_loveisland1_2270302c3092b8629574_20211206013831_database.sql
ZipArchive Object
(
    [status] => 0
    [statusSys] => 0
    [numFiles] => 14247
    [filename] => /Applications/MAMP/htdocs/love-island-1/wp-content/backups-dup-lite/tmp/20211206_loveisland1_2270302c3092b8629574_20211206013831_archive.zip
    [comment] => 
)

FILE ADDED TO ZIP: 14246
COMPRESSION RESULT: '1'
COMPRESSED SIZE: 50.66MB
ARCHIVE RUNTIME: 18.97 sec.
MEMORY STACK: 20.52MB
building installer
add_extra_files1
add_extra_files2
add_extra_files3
add_extra_files4
Doing archive file check
add_extra_files5
add_extra_files6
add_extra_files8
Successfully opened zip /Applications/MAMP/htdocs/love-island-1/wp-content/backups-dup-lite/tmp/20211206_loveisland1_2270302c3092b8629574_20211206013831_archive.zip
Adding enhanced installer files to archive using ZipArchive
Installer files added to archive
Added to archive
After ziparchive close when adding installer

********************************************************************************
INTEGRITY CHECKS:
********************************************************************************
SQL FILE: 1.26MB
INSTALLER FILE: 64.26KB
ARCHIVE FILE: 51.71MB 
EXPECTED FILE/DIRECTORY COUNT: 14,247
ACTUAL FILE/DIRECTORY COUNT: 14,246
ARCHIVE CONSISTENCY TEST: Pass

********************************************************************************
RECORD ID:[1]
TOTAL PROCESS RUNTIME: 23.19 sec.
PEAK PHP MEMORY USED: 24.52MB
DONE PROCESSING => 20211206_loveisland1 December 6, 2021 1:39 am

